  VertexAttribSerializer.cpp
c:\users\alessandro\desktop\cpp\pongsolo\pong\src\filemanagement\vertexattribserializer.cpp(22): warning C4018: '<': signed/unsigned mismatch
  Program.cpp
  Attribute.cpp
  RenderObject.cpp
  VertexArrayManager.cpp
  VertexArrayObject.cpp
  VertexAttribArray.cpp
  VertexBufferManager.cpp
  VertexBufferObject.cpp
  Shader.cpp
  ShaderSourceCode.cpp
  Main.cpp
  Renderer.cpp
  ShaderBuilder.cpp
  FileReader.cpp
c:\users\alessandro\desktop\cpp\pongsolo\pong\src\utilities\filereader.cpp(16): warning C4244: '=': conversion from 'std::streamoff' to 'int', possible loss of data
  Generating Code...
c:\users\alessandro\desktop\cpp\pongsolo\pong\src\rendering\renderobject\renderobject.cpp(58): warning C4172: returning address of local variable or temporary: res
LINK : warning LNK4098: defaultlib 'MSVCRT' conflicts with use of other libs; use /NODEFAULTLIB:library
LINK : warning LNK4098: defaultlib 'LIBCMT' conflicts with use of other libs; use /NODEFAULTLIB:library
glew32s.lib(glew.obj) : warning LNK4099: PDB 'vc120.pdb' was not found with 'glew32s.lib(glew.obj)' or at 'C:\Users\Alessandro\Desktop\Cpp\PongSolo\Debug\vc120.pdb'; linking object as if no debug info
  Pong.vcxproj -> C:\Users\Alessandro\Desktop\Cpp\PongSolo\Debug\Pong.exe
